[debug] [2021-11-01T16:59:24.182Z] ----------------------------------------------------------------------
[debug] [2021-11-01T16:59:24.184Z] Command:       /usr/local/bin/firebase /Users/hard3st1/.cache/firebase/tools/lib/node_modules/firebase-tools/lib/bin/firebase init
[debug] [2021-11-01T16:59:24.184Z] CLI Version:   9.20.0
[debug] [2021-11-01T16:59:24.184Z] Platform:      darwin
[debug] [2021-11-01T16:59:24.184Z] Node Version:  v12.18.1
[debug] [2021-11-01T16:59:24.185Z] Time:          Mon Nov 01 2021 19:59:24 GMT+0300 (GMT+03:00)
[debug] [2021-11-01T16:59:24.185Z] ----------------------------------------------------------------------
[debug] 
[debug] [2021-11-01T16:59:24.187Z] >>> [apiv2][query] GET https://firebase-public.firebaseio.com/cli.json [none]
[debug] [2021-11-01T16:59:24.200Z] > command requires scopes: ["email","openid","https://www.googleapis.com/auth/cloudplatformprojects.readonly","https://www.googleapis.com/auth/firebase","https://www.googleapis.com/auth/cloud-platform"]
[debug] [2021-11-01T16:59:24.200Z] > authorizing via signed-in user (gultekinserinken@gmail.com)
[info] 
     ######## #### ########  ######## ########     ###     ######  ########
     ##        ##  ##     ## ##       ##     ##  ##   ##  ##       ##
     ######    ##  ########  ######   ########  #########  ######  ######
     ##        ##  ##    ##  ##       ##     ## ##     ##       ## ##
     ##       #### ##     ## ######## ########  ##     ##  ######  ########

You're about to initialize a Firebase project in this directory:

  /Users/hard3st1/Desktop/as_bilisim

[debug] [2021-11-01T16:59:25.033Z] <<< [apiv2][status] GET https://firebase-public.firebaseio.com/cli.json 200
[debug] [2021-11-01T16:59:25.033Z] <<< [apiv2][body] GET https://firebase-public.firebaseio.com/cli.json {"cloudBuildErrorAfter":1594252800000,"cloudBuildWarnAfter":1590019200000,"defaultNode10After":1594252800000,"minVersion":"3.0.5","node8DeploysDisabledAfter":1613390400000,"node8RuntimeDisabledAfter":1615809600000,"node8WarnAfter":1600128000000}
